<?xml version="1.0" encoding="UTF-8"?>
<testng-results ignored="0" total="1" passed="1" failed="0" skipped="0">
  <reporter-output>
  </reporter-output>
  <suite started-at="2019-06-28T16:42:25Z" name="Default suite" finished-at="2019-06-28T16:43:20Z" duration-ms="55229">
    <groups>
    </groups>
    <test started-at="2019-06-28T16:42:25Z" name="Default test" finished-at="2019-06-28T16:43:20Z" duration-ms="55229">
      <class name="newpackage.NewTest">
        <test-method signature="verifyHomepageTitle()[pri:0, instance:newpackage.NewTest@240237d2]" started-at="2019-06-28T16:42:25Z" name="verifyHomepageTitle" finished-at="2019-06-28T16:43:20Z" duration-ms="54633" status="PASS">
          <reporter-output>
          </reporter-output>
        </test-method> <!-- verifyHomepageTitle -->
      </class> <!-- newpackage.NewTest -->
    </test> <!-- Default test -->
  </suite> <!-- Default suite -->
</testng-results>
